launched euc-cle-r00-s1 on gpu 0
launched euc-sib-r10-s1 on gpu 1
launched euc-uni-r10-s1 on gpu 2
launched euc-sib-r30-s1 on gpu 3
launched euc-uni-r30-s1 on gpu 4
launched euc-sib-r50-s1 on gpu 5
launched euc-uni-r50-s1 on gpu 6
launched hyp-cle-r00-s1 on gpu 7
launched hyp-sib-r10-s1 on gpu 8
launched hyp-uni-r10-s1 on gpu 9
launched hyp-sib-r30-s1 on gpu 0
launched hyp-uni-r30-s1 on gpu 1
launched hyp-sib-r50-s1 on gpu 2
launched hyp-uni-r50-s1 on gpu 3
launched euc-cle-r00-s2 on gpu 4
launched euc-sib-r10-s2 on gpu 5
launched euc-uni-r10-s2 on gpu 6
launched euc-sib-r30-s2 on gpu 7
launched euc-uni-r30-s2 on gpu 8
launched euc-sib-r50-s2 on gpu 9
launched euc-uni-r50-s2 on gpu 0
launched hyp-cle-r00-s2 on gpu 1
launched hyp-sib-r10-s2 on gpu 2
launched hyp-uni-r10-s2 on gpu 3
launched hyp-sib-r30-s2 on gpu 4
launched hyp-uni-r30-s2 on gpu 5
launched hyp-sib-r50-s2 on gpu 6
launched hyp-uni-r50-s2 on gpu 7
launched euc-cle-r00-s3 on gpu 8
launched euc-sib-r10-s3 on gpu 9
launched euc-uni-r10-s3 on gpu 0
launched euc-sib-r30-s3 on gpu 1
launched euc-uni-r30-s3 on gpu 2
launched euc-sib-r50-s3 on gpu 3
launched euc-uni-r50-s3 on gpu 4
launched hyp-cle-r00-s3 on gpu 5
launched hyp-sib-r10-s3 on gpu 6
launched hyp-uni-r10-s3 on gpu 7
launched hyp-sib-r30-s3 on gpu 8
launched hyp-uni-r30-s3 on gpu 9
launched hyp-sib-r50-s3 on gpu 0
launched hyp-uni-r50-s3 on gpu 1
p2 done (fail=0)
